TN:
SF:kata\Banking.js
FN:2,<instance_members_initializer>
FN:7,log
FN:10,deposit
FN:13,withdraw
FN:16,#balanceUpdate
FN:20,#modifyHistoryStatement
FN:25,#modifyDateLastActionDateMonthYear
FN:33,#generateNewLineHistoryStatement
FN:46,printStatement
FN:50,#generatePrintStatementString
FNF:10
FNH:10
FNDA:1,<instance_members_initializer>
FNDA:1,log
FNDA:7,deposit
FNDA:8,withdraw
FNDA:15,#balanceUpdate
FNDA:15,#modifyHistoryStatement
FNDA:15,#modifyDateLastActionDateMonthYear
FNDA:15,#generateNewLineHistoryStatement
FNDA:1,printStatement
FNDA:1,#generatePrintStatementString
DA:1,1
DA:2,1
DA:3,1
DA:4,1
DA:5,1
DA:6,1
DA:7,1
DA:8,1
DA:9,1
DA:10,1
DA:11,7
DA:12,7
DA:13,1
DA:14,8
DA:15,8
DA:16,1
DA:17,15
DA:18,15
DA:19,15
DA:20,1
DA:21,15
DA:22,15
DA:23,15
DA:24,15
DA:25,1
DA:26,15
DA:27,15
DA:28,15
DA:29,15
DA:30,15
DA:31,15
DA:32,15
DA:33,1
DA:34,15
DA:35,15
DA:36,15
DA:37,15
DA:38,8
DA:39,8
DA:40,8
DA:41,8
DA:42,15
DA:43,15
DA:44,15
DA:45,15
DA:46,1
DA:47,1
DA:48,1
DA:49,1
DA:50,1
DA:51,1
DA:52,3
DA:53,3
DA:54,3
DA:55,1
DA:56,1
DA:57,1
DA:58,1
DA:59,1
LF:59
LH:59
BRDA:2,0,0,1
BRDA:7,1,0,1
BRDA:10,2,0,7
BRDA:13,3,0,8
BRDA:16,4,0,15
BRDA:20,5,0,15
BRDA:25,6,0,15
BRDA:33,7,0,15
BRDA:37,8,0,7
BRDA:37,9,0,8
BRDA:46,10,0,1
BRDA:50,11,0,1
BRDA:51,12,0,3
BRF:13
BRH:13
end_of_record
